<?xml version="1.0" encoding="UTF-8"?>
<!-- Generated by org.testng.reporters.JUnitReportReporter -->
<testsuite hostname="DESKTOP-A2RUCRK" failures="0" tests="5" name="testNg.Driveacar" time="0.074" errors="0" timestamp="2022-09-16T01:05:05 IST" skipped="0">
  <testcase classname="testNg.Driveacar" name="startthecar" time="0.005"/>
  <system-out/>
  <testcase classname="testNg.Driveacar" name="putthirdgear" time="0.011"/>
  <system-out/>
  <testcase classname="testNg.Driveacar" name="putsecondgear" time="0.048"/>
  <system-out/>
  <testcase classname="testNg.Driveacar" name="putfirstgear" time="0.006"/>
  <system-out/>
  <testcase classname="testNg.Driveacar" name="putfourthgear" time="0.004"/>
  <system-out/>
</testsuite> <!-- testNg.Driveacar -->
