<?xml version="1.0" encoding="UTF-8"?>
<!-- Generated by org.testng.reporters.JUnitReportReporter -->
<testsuite hostname="DESKTOP-A2RUCRK" failures="0" tests="4" name="testNg.Sampletestcase" time="0.055" errors="0" timestamp="2022-09-15T23:53:48 IST" skipped="0">
  <testcase classname="testNg.Sampletestcase" name="secondTetcase" time="0.005"/>
  <system-out/>
  <testcase classname="testNg.Sampletestcase" name="fourthTetcase" time="0.007"/>
  <system-out/>
  <testcase classname="testNg.Sampletestcase" name="firstTetcase" time="0.037"/>
  <system-out/>
  <testcase classname="testNg.Sampletestcase" name="thirdTetcase" time="0.006"/>
  <system-out/>
</testsuite> <!-- testNg.Sampletestcase -->
