<?xml version="1.0" encoding="UTF-8"?>
<!-- Generated by org.testng.reporters.JUnitReportReporter -->
<testsuite hostname="DESKTOP-A2RUCRK" failures="0" tests="2" name="testNg.ParallelTesting" time="35.428" errors="0" timestamp="2022-09-16T01:50:55 IST" skipped="0">
  <testcase classname="testNg.ParallelTesting" name="openbing" time="15.636"/>
  <system-out/>
  <testcase classname="testNg.ParallelTesting" name="opengoogle" time="19.792"/>
  <system-out/>
</testsuite> <!-- testNg.ParallelTesting -->
