<?xml version="1.0" encoding="UTF-8"?>
<!-- Generated by org.testng.reporters.JUnitReportReporter -->
<testsuite hostname="DESKTOP-A2RUCRK" failures="0" tests="2" name="testNg.ParameterizationExample" time="0.055" errors="0" timestamp="2022-09-16T00:44:50 IST" skipped="0">
  <testcase classname="testNg.ParameterizationExample" name="apple1" time="0.051"/>
  <system-out/>
  <testcase classname="testNg.ParameterizationExample" name="apple2" time="0.004"/>
  <system-out/>
</testsuite> <!-- testNg.ParameterizationExample -->
